  UI.c
d:\college\projects\virtualbakery\bread'nbagel\bread'nbagel\ui.c(7): warning C4013: 'malloc' undefined; assuming extern returning int
d:\college\projects\virtualbakery\bread'nbagel\bread'nbagel\ui.c(13): warning C4013: 'free' undefined; assuming extern returning int
d:\college\projects\virtualbakery\bread'nbagel\bread'nbagel\ui.c(97): warning C4996: 'scanf': This function or variable may be unsafe. Consider using scanf_s instead. To disable deprecation, use _CRT_SECURE_NO_WARNINGS. See online help for details.
  c:\program files (x86)\windows kits\10\include\10.0.10240.0\ucrt\stdio.h(1270): note: see declaration of 'scanf'
d:\college\projects\virtualbakery\bread'nbagel\bread'nbagel\ui.c(99): warning C4996: 'scanf': This function or variable may be unsafe. Consider using scanf_s instead. To disable deprecation, use _CRT_SECURE_NO_WARNINGS. See online help for details.
  c:\program files (x86)\windows kits\10\include\10.0.10240.0\ucrt\stdio.h(1270): note: see declaration of 'scanf'
d:\college\projects\virtualbakery\bread'nbagel\bread'nbagel\ui.c(101): warning C4996: 'scanf': This function or variable may be unsafe. Consider using scanf_s instead. To disable deprecation, use _CRT_SECURE_NO_WARNINGS. See online help for details.
  c:\program files (x86)\windows kits\10\include\10.0.10240.0\ucrt\stdio.h(1270): note: see declaration of 'scanf'
d:\college\projects\virtualbakery\bread'nbagel\bread'nbagel\ui.c(119): warning C4996: 'scanf': This function or variable may be unsafe. Consider using scanf_s instead. To disable deprecation, use _CRT_SECURE_NO_WARNINGS. See online help for details.
  c:\program files (x86)\windows kits\10\include\10.0.10240.0\ucrt\stdio.h(1270): note: see declaration of 'scanf'
d:\college\projects\virtualbakery\bread'nbagel\bread'nbagel\ui.c(121): warning C4996: 'scanf': This function or variable may be unsafe. Consider using scanf_s instead. To disable deprecation, use _CRT_SECURE_NO_WARNINGS. See online help for details.
  c:\program files (x86)\windows kits\10\include\10.0.10240.0\ucrt\stdio.h(1270): note: see declaration of 'scanf'
d:\college\projects\virtualbakery\bread'nbagel\bread'nbagel\ui.c(123): warning C4996: 'scanf': This function or variable may be unsafe. Consider using scanf_s instead. To disable deprecation, use _CRT_SECURE_NO_WARNINGS. See online help for details.
  c:\program files (x86)\windows kits\10\include\10.0.10240.0\ucrt\stdio.h(1270): note: see declaration of 'scanf'
d:\college\projects\virtualbakery\bread'nbagel\bread'nbagel\ui.c(147): warning C4996: 'scanf': This function or variable may be unsafe. Consider using scanf_s instead. To disable deprecation, use _CRT_SECURE_NO_WARNINGS. See online help for details.
  c:\program files (x86)\windows kits\10\include\10.0.10240.0\ucrt\stdio.h(1270): note: see declaration of 'scanf'
d:\college\projects\virtualbakery\bread'nbagel\bread'nbagel\ui.c(149): warning C4996: 'scanf': This function or variable may be unsafe. Consider using scanf_s instead. To disable deprecation, use _CRT_SECURE_NO_WARNINGS. See online help for details.
  c:\program files (x86)\windows kits\10\include\10.0.10240.0\ucrt\stdio.h(1270): note: see declaration of 'scanf'
d:\college\projects\virtualbakery\bread'nbagel\bread'nbagel\ui.c(153): warning C4996: 'scanf': This function or variable may be unsafe. Consider using scanf_s instead. To disable deprecation, use _CRT_SECURE_NO_WARNINGS. See online help for details.
  c:\program files (x86)\windows kits\10\include\10.0.10240.0\ucrt\stdio.h(1270): note: see declaration of 'scanf'
d:\college\projects\virtualbakery\bread'nbagel\bread'nbagel\ui.c(166): warning C4996: 'scanf': This function or variable may be unsafe. Consider using scanf_s instead. To disable deprecation, use _CRT_SECURE_NO_WARNINGS. See online help for details.
  c:\program files (x86)\windows kits\10\include\10.0.10240.0\ucrt\stdio.h(1270): note: see declaration of 'scanf'
d:\college\projects\virtualbakery\bread'nbagel\bread'nbagel\ui.c(168): warning C4996: 'scanf': This function or variable may be unsafe. Consider using scanf_s instead. To disable deprecation, use _CRT_SECURE_NO_WARNINGS. See online help for details.
  c:\program files (x86)\windows kits\10\include\10.0.10240.0\ucrt\stdio.h(1270): note: see declaration of 'scanf'
d:\college\projects\virtualbakery\bread'nbagel\bread'nbagel\ui.c(181): warning C4996: 'scanf': This function or variable may be unsafe. Consider using scanf_s instead. To disable deprecation, use _CRT_SECURE_NO_WARNINGS. See online help for details.
  c:\program files (x86)\windows kits\10\include\10.0.10240.0\ucrt\stdio.h(1270): note: see declaration of 'scanf'
d:\college\projects\virtualbakery\bread'nbagel\bread'nbagel\ui.c(207): warning C4996: 'scanf': This function or variable may be unsafe. Consider using scanf_s instead. To disable deprecation, use _CRT_SECURE_NO_WARNINGS. See online help for details.
  c:\program files (x86)\windows kits\10\include\10.0.10240.0\ucrt\stdio.h(1270): note: see declaration of 'scanf'
d:\college\projects\virtualbakery\bread'nbagel\bread'nbagel\ui.c(229): warning C4996: 'scanf': This function or variable may be unsafe. Consider using scanf_s instead. To disable deprecation, use _CRT_SECURE_NO_WARNINGS. See online help for details.
  c:\program files (x86)\windows kits\10\include\10.0.10240.0\ucrt\stdio.h(1270): note: see declaration of 'scanf'
d:\college\projects\virtualbakery\bread'nbagel\bread'nbagel\ui.c(251): warning C4996: 'scanf': This function or variable may be unsafe. Consider using scanf_s instead. To disable deprecation, use _CRT_SECURE_NO_WARNINGS. See online help for details.
  c:\program files (x86)\windows kits\10\include\10.0.10240.0\ucrt\stdio.h(1270): note: see declaration of 'scanf'
d:\college\projects\virtualbakery\bread'nbagel\bread'nbagel\ui.c(253): warning C4996: 'scanf': This function or variable may be unsafe. Consider using scanf_s instead. To disable deprecation, use _CRT_SECURE_NO_WARNINGS. See online help for details.
  c:\program files (x86)\windows kits\10\include\10.0.10240.0\ucrt\stdio.h(1270): note: see declaration of 'scanf'
d:\college\projects\virtualbakery\bread'nbagel\bread'nbagel\ui.c(289): warning C4996: 'scanf': This function or variable may be unsafe. Consider using scanf_s instead. To disable deprecation, use _CRT_SECURE_NO_WARNINGS. See online help for details.
  c:\program files (x86)\windows kits\10\include\10.0.10240.0\ucrt\stdio.h(1270): note: see declaration of 'scanf'
  Repository.c
d:\college\projects\virtualbakery\bread'nbagel\bread'nbagel\repository.c(124): warning C4002: too many actual parameters for macro 'assert'
d:\college\projects\virtualbakery\bread'nbagel\bread'nbagel\repository.c(124): warning C4047: 'function': 'Repository *' differs in levels of indirection from 'Repository **'
d:\college\projects\virtualbakery\bread'nbagel\bread'nbagel\repository.c(124): warning C4024: 'add': different types for formal and actual parameter 1
d:\college\projects\virtualbakery\bread'nbagel\bread'nbagel\repository.c(125): warning C4002: too many actual parameters for macro 'assert'
d:\college\projects\virtualbakery\bread'nbagel\bread'nbagel\repository.c(125): warning C4047: 'function': 'Repository *' differs in levels of indirection from 'Repository **'
d:\college\projects\virtualbakery\bread'nbagel\bread'nbagel\repository.c(125): warning C4024: 'delete': different types for formal and actual parameter 1
d:\college\projects\virtualbakery\bread'nbagel\bread'nbagel\repository.c(126): warning C4002: too many actual parameters for macro 'assert'
d:\college\projects\virtualbakery\bread'nbagel\bread'nbagel\repository.c(126): warning C4047: 'function': 'Repository *' differs in levels of indirection from 'Repository **'
d:\college\projects\virtualbakery\bread'nbagel\bread'nbagel\repository.c(126): warning C4024: 'delete': different types for formal and actual parameter 1
d:\college\projects\virtualbakery\bread'nbagel\bread'nbagel\repository.c(127): warning C4002: too many actual parameters for macro 'assert'
d:\college\projects\virtualbakery\bread'nbagel\bread'nbagel\repository.c(128): warning C4002: too many actual parameters for macro 'assert'
d:\college\projects\virtualbakery\bread'nbagel\bread'nbagel\repository.c(128): warning C4047: 'function': 'Repository *' differs in levels of indirection from 'Repository **'
d:\college\projects\virtualbakery\bread'nbagel\bread'nbagel\repository.c(128): warning C4024: 'add': different types for formal and actual parameter 1
d:\college\projects\virtualbakery\bread'nbagel\bread'nbagel\repository.c(129): warning C4002: too many actual parameters for macro 'assert'
d:\college\projects\virtualbakery\bread'nbagel\bread'nbagel\repository.c(129): warning C4047: 'function': 'Repository *' differs in levels of indirection from 'Repository **'
d:\college\projects\virtualbakery\bread'nbagel\bread'nbagel\repository.c(129): warning C4024: 'add': different types for formal and actual parameter 1
d:\college\projects\virtualbakery\bread'nbagel\bread'nbagel\repository.c(130): warning C4002: too many actual parameters for macro 'assert'
d:\college\projects\virtualbakery\bread'nbagel\bread'nbagel\repository.c(131): warning C4002: too many actual parameters for macro 'assert'
d:\college\projects\virtualbakery\bread'nbagel\bread'nbagel\repository.c(132): warning C4002: too many actual parameters for macro 'assert'
d:\college\projects\virtualbakery\bread'nbagel\bread'nbagel\repository.c(132): warning C4047: 'function': 'Repository *' differs in levels of indirection from 'Repository **'
d:\college\projects\virtualbakery\bread'nbagel\bread'nbagel\repository.c(132): warning C4024: 'update': different types for formal and actual parameter 1
d:\college\projects\virtualbakery\bread'nbagel\bread'nbagel\repository.c(133): warning C4002: too many actual parameters for macro 'assert'
  OperationStack.c
d:\college\projects\virtualbakery\bread'nbagel\bread'nbagel\operationstack.c(8): warning C4996: 'strcpy': This function or variable may be unsafe. Consider using strcpy_s instead. To disable deprecation, use _CRT_SECURE_NO_WARNINGS. See online help for details.
  c:\program files (x86)\windows kits\10\include\10.0.10240.0\ucrt\string.h(119): note: see declaration of 'strcpy'
d:\college\projects\virtualbakery\bread'nbagel\bread'nbagel\operationstack.c(24): warning C4013: 'malloc' undefined; assuming extern returning int
d:\college\projects\virtualbakery\bread'nbagel\bread'nbagel\operationstack.c(32): warning C4013: 'free' undefined; assuming extern returning int
d:\college\projects\virtualbakery\bread'nbagel\bread'nbagel\operationstack.c(38): warning C4013: 'realloc' undefined; assuming extern returning int
d:\college\projects\virtualbakery\bread'nbagel\bread'nbagel\operationstack.c(51): warning C4033: 'pop' must return a value
  Material.c
d:\college\projects\virtualbakery\bread'nbagel\bread'nbagel\material.c(18): warning C4996: 'strcpy': This function or variable may be unsafe. Consider using strcpy_s instead. To disable deprecation, use _CRT_SECURE_NO_WARNINGS. See online help for details.
  c:\program files (x86)\windows kits\10\include\10.0.10240.0\ucrt\string.h(119): note: see declaration of 'strcpy'
d:\college\projects\virtualbakery\bread'nbagel\bread'nbagel\material.c(19): warning C4996: 'strcpy': This function or variable may be unsafe. Consider using strcpy_s instead. To disable deprecation, use _CRT_SECURE_NO_WARNINGS. See online help for details.
  c:\program files (x86)\windows kits\10\include\10.0.10240.0\ucrt\string.h(119): note: see declaration of 'strcpy'
d:\college\projects\virtualbakery\bread'nbagel\bread'nbagel\material.c(50): warning C4996: 'sprintf': This function or variable may be unsafe. Consider using sprintf_s instead. To disable deprecation, use _CRT_SECURE_NO_WARNINGS. See online help for details.
  c:\program files (x86)\windows kits\10\include\10.0.10240.0\ucrt\stdio.h(1769): note: see declaration of 'sprintf'
  Main.c
  Controller.c
d:\college\projects\virtualbakery\bread'nbagel\bread'nbagel\controller.c(6): warning C4013: 'malloc' undefined; assuming extern returning int
d:\college\projects\virtualbakery\bread'nbagel\bread'nbagel\controller.c(14): warning C4013: 'free' undefined; assuming extern returning int
  Generating Code...
d:\college\projects\virtualbakery\bread'nbagel\bread'nbagel\operationstack.c(54): warning C4715: 'pop': not all control paths return a value
d:\college\projects\virtualbakery\bread'nbagel\bread'nbagel\ui.c(88): warning C4715: 'dateValidator': not all control paths return a value
  Bread'nBagel.vcxproj -> D:\College\Projects\VirtualBakery\Bread'nBagel\Debug\Bread'nBagel.exe
